[debug] [2018-11-11T14:34:24.757Z] ----------------------------------------------------------------------
[debug] [2018-11-11T14:34:24.759Z] Command:       /home/winson/.nvm/versions/node/v8.11.2/bin/node /home/winson/.nvm/versions/node/v8.11.2/bin/firebase deploy
[debug] [2018-11-11T14:34:24.759Z] CLI Version:   6.0.1
[debug] [2018-11-11T14:34:24.759Z] Platform:      linux
[debug] [2018-11-11T14:34:24.759Z] Node Version:  v8.11.2
[debug] [2018-11-11T14:34:24.759Z] Time:          Sun Nov 11 2018 22:34:24 GMT+0800 (+08)
[debug] [2018-11-11T14:34:24.759Z] ----------------------------------------------------------------------
[debug] 
[debug] [2018-11-11T14:34:24.764Z] > command requires scopes: ["email","openid","https://www.googleapis.com/auth/cloudplatformprojects.readonly","https://www.googleapis.com/auth/firebase","https://www.googleapis.com/auth/cloud-platform"]
[debug] [2018-11-11T14:34:24.764Z] > authorizing via signed-in user
[debug] [2018-11-11T14:34:24.764Z] [iam] checking project taekwandobackend-d1edf for permissions ["firebase.projects.get","firebasehosting.sites.update"]
[debug] [2018-11-11T14:34:24.766Z] >>> HTTP REQUEST POST https://cloudresourcemanager.googleapis.com/v1/projects/taekwandobackend-d1edf:testIamPermissions  

[debug] [2018-11-11T14:34:25.920Z] <<< HTTP RESPONSE 200
[debug] [2018-11-11T14:34:25.921Z] >>> HTTP REQUEST GET https://firebase.googleapis.com/v1beta1/projects/taekwandobackend-d1edf  
 
[debug] [2018-11-11T14:34:26.343Z] <<< HTTP RESPONSE 200
[info] 
[info] === Deploying to 'taekwandobackend-d1edf'...
[info] 
[info] i  deploying hosting
[debug] [2018-11-11T14:34:26.361Z] TypeError: Path must be a string. Received undefined
    at assertPath (path.js:28:11)
    at Object.resolve (path.js:1171:7)
    at module.exports (/home/winson/.nvm/versions/node/v8.11.2/lib/node_modules/firebase-tools/lib/resolveProjectPath.js:5:17)
    at /home/winson/.nvm/versions/node/v8.11.2/lib/node_modules/firebase-tools/lib/deploy/hosting/prepare.js:47:36
    at arrayEach (/home/winson/.nvm/versions/node/v8.11.2/lib/node_modules/firebase-tools/node_modules/lodash/lodash.js:516:11)
    at Function.forEach (/home/winson/.nvm/versions/node/v8.11.2/lib/node_modules/firebase-tools/node_modules/lodash/lodash.js:9344:14)
    at module.exports (/home/winson/.nvm/versions/node/v8.11.2/lib/node_modules/firebase-tools/lib/deploy/hosting/prepare.js:29:7)
    at _chain (/home/winson/.nvm/versions/node/v8.11.2/lib/node_modules/firebase-tools/lib/deploy/index.js:22:40)
    at /home/winson/.nvm/versions/node/v8.11.2/lib/node_modules/firebase-tools/lib/deploy/index.js:63:16
    at <anonymous>
[error] 
[error] Error: An unexpected error has occurred.
[debug] [2018-11-11T14:34:36.450Z] ----------------------------------------------------------------------
[debug] [2018-11-11T14:34:36.452Z] Command:       /home/winson/.nvm/versions/node/v8.11.2/bin/node /home/winson/.nvm/versions/node/v8.11.2/bin/firebase deploy --only hosting
[debug] [2018-11-11T14:34:36.452Z] CLI Version:   6.0.1
[debug] [2018-11-11T14:34:36.452Z] Platform:      linux
[debug] [2018-11-11T14:34:36.452Z] Node Version:  v8.11.2
[debug] [2018-11-11T14:34:36.452Z] Time:          Sun Nov 11 2018 22:34:36 GMT+0800 (+08)
[debug] [2018-11-11T14:34:36.452Z] ----------------------------------------------------------------------
[debug] 
[debug] [2018-11-11T14:34:36.457Z] > command requires scopes: ["email","openid","https://www.googleapis.com/auth/cloudplatformprojects.readonly","https://www.googleapis.com/auth/firebase","https://www.googleapis.com/auth/cloud-platform"]
[debug] [2018-11-11T14:34:36.457Z] > authorizing via signed-in user
[debug] [2018-11-11T14:34:36.457Z] [iam] checking project taekwandobackend-d1edf for permissions ["firebase.projects.get","firebasehosting.sites.update"]
[debug] [2018-11-11T14:34:36.459Z] >>> HTTP REQUEST POST https://cloudresourcemanager.googleapis.com/v1/projects/taekwandobackend-d1edf:testIamPermissions  

[debug] [2018-11-11T14:34:37.613Z] <<< HTTP RESPONSE 200
[debug] [2018-11-11T14:34:37.614Z] >>> HTTP REQUEST GET https://firebase.googleapis.com/v1beta1/projects/taekwandobackend-d1edf  
 
[debug] [2018-11-11T14:34:37.914Z] <<< HTTP RESPONSE 200
[info] 
[info] === Deploying to 'taekwandobackend-d1edf'...
[info] 
[info] i  deploying hosting
[debug] [2018-11-11T14:34:37.923Z] TypeError: Path must be a string. Received undefined
    at assertPath (path.js:28:11)
    at Object.resolve (path.js:1171:7)
    at module.exports (/home/winson/.nvm/versions/node/v8.11.2/lib/node_modules/firebase-tools/lib/resolveProjectPath.js:5:17)
    at /home/winson/.nvm/versions/node/v8.11.2/lib/node_modules/firebase-tools/lib/deploy/hosting/prepare.js:47:36
    at arrayEach (/home/winson/.nvm/versions/node/v8.11.2/lib/node_modules/firebase-tools/node_modules/lodash/lodash.js:516:11)
    at Function.forEach (/home/winson/.nvm/versions/node/v8.11.2/lib/node_modules/firebase-tools/node_modules/lodash/lodash.js:9344:14)
    at module.exports (/home/winson/.nvm/versions/node/v8.11.2/lib/node_modules/firebase-tools/lib/deploy/hosting/prepare.js:29:7)
    at _chain (/home/winson/.nvm/versions/node/v8.11.2/lib/node_modules/firebase-tools/lib/deploy/index.js:22:40)
    at /home/winson/.nvm/versions/node/v8.11.2/lib/node_modules/firebase-tools/lib/deploy/index.js:63:16
    at <anonymous>
[error] 
[error] Error: An unexpected error has occurred.
[debug] [2018-11-11T14:35:13.692Z] ----------------------------------------------------------------------
[debug] [2018-11-11T14:35:13.695Z] Command:       /home/winson/.nvm/versions/node/v8.11.2/bin/node /home/winson/.nvm/versions/node/v8.11.2/bin/firebase deploy --only hosting --debug
[debug] [2018-11-11T14:35:13.695Z] CLI Version:   6.0.1
[debug] [2018-11-11T14:35:13.695Z] Platform:      linux
[debug] [2018-11-11T14:35:13.695Z] Node Version:  v8.11.2
[debug] [2018-11-11T14:35:13.695Z] Time:          Sun Nov 11 2018 22:35:13 GMT+0800 (+08)
[debug] [2018-11-11T14:35:13.695Z] ----------------------------------------------------------------------
[debug] 
[debug] [2018-11-11T14:35:13.702Z] > command requires scopes: ["email","openid","https://www.googleapis.com/auth/cloudplatformprojects.readonly","https://www.googleapis.com/auth/firebase","https://www.googleapis.com/auth/cloud-platform"]
[debug] [2018-11-11T14:35:13.702Z] > authorizing via signed-in user
[debug] [2018-11-11T14:35:13.702Z] [iam] checking project taekwandobackend-d1edf for permissions ["firebase.projects.get","firebasehosting.sites.update"]
[debug] [2018-11-11T14:35:13.704Z] >>> HTTP REQUEST POST https://cloudresourcemanager.googleapis.com/v1/projects/taekwandobackend-d1edf:testIamPermissions  

[debug] [2018-11-11T14:35:14.887Z] <<< HTTP RESPONSE 200
[debug] [2018-11-11T14:35:14.888Z] >>> HTTP REQUEST GET https://firebase.googleapis.com/v1beta1/projects/taekwandobackend-d1edf  
 
[debug] [2018-11-11T14:35:15.191Z] <<< HTTP RESPONSE 200
[info] 
[info] === Deploying to 'taekwandobackend-d1edf'...
[info] 
[info] i  deploying hosting
[debug] [2018-11-11T14:35:15.209Z] TypeError: Path must be a string. Received undefined
    at assertPath (path.js:28:11)
    at Object.resolve (path.js:1171:7)
    at module.exports (/home/winson/.nvm/versions/node/v8.11.2/lib/node_modules/firebase-tools/lib/resolveProjectPath.js:5:17)
    at /home/winson/.nvm/versions/node/v8.11.2/lib/node_modules/firebase-tools/lib/deploy/hosting/prepare.js:47:36
    at arrayEach (/home/winson/.nvm/versions/node/v8.11.2/lib/node_modules/firebase-tools/node_modules/lodash/lodash.js:516:11)
    at Function.forEach (/home/winson/.nvm/versions/node/v8.11.2/lib/node_modules/firebase-tools/node_modules/lodash/lodash.js:9344:14)
    at module.exports (/home/winson/.nvm/versions/node/v8.11.2/lib/node_modules/firebase-tools/lib/deploy/hosting/prepare.js:29:7)
    at _chain (/home/winson/.nvm/versions/node/v8.11.2/lib/node_modules/firebase-tools/lib/deploy/index.js:22:40)
    at /home/winson/.nvm/versions/node/v8.11.2/lib/node_modules/firebase-tools/lib/deploy/index.js:63:16
    at <anonymous>
[error] 
[error] Error: An unexpected error has occurred.
[debug] [2018-11-11T14:35:39.557Z] ----------------------------------------------------------------------
[debug] [2018-11-11T14:35:39.560Z] Command:       /home/winson/.nvm/versions/node/v8.11.2/bin/node /home/winson/.nvm/versions/node/v8.11.2/bin/firebase deploy --only hosting --debug
[debug] [2018-11-11T14:35:39.560Z] CLI Version:   6.0.1
[debug] [2018-11-11T14:35:39.560Z] Platform:      linux
[debug] [2018-11-11T14:35:39.560Z] Node Version:  v8.11.2
[debug] [2018-11-11T14:35:39.561Z] Time:          Sun Nov 11 2018 22:35:39 GMT+0800 (+08)
[debug] [2018-11-11T14:35:39.561Z] ----------------------------------------------------------------------
[debug] 
[debug] [2018-11-11T14:35:39.567Z] > command requires scopes: ["email","openid","https://www.googleapis.com/auth/cloudplatformprojects.readonly","https://www.googleapis.com/auth/firebase","https://www.googleapis.com/auth/cloud-platform"]
[debug] [2018-11-11T14:35:39.567Z] > authorizing via signed-in user
[debug] [2018-11-11T14:35:39.567Z] [iam] checking project taekwandobackend-d1edf for permissions ["firebase.projects.get","firebasehosting.sites.update"]
[debug] [2018-11-11T14:35:39.569Z] >>> HTTP REQUEST POST https://cloudresourcemanager.googleapis.com/v1/projects/taekwandobackend-d1edf:testIamPermissions  

[debug] [2018-11-11T14:35:40.794Z] <<< HTTP RESPONSE 200
[debug] [2018-11-11T14:35:40.795Z] >>> HTTP REQUEST GET https://firebase.googleapis.com/v1beta1/projects/taekwandobackend-d1edf  
 
[debug] [2018-11-11T14:35:41.197Z] <<< HTTP RESPONSE 200
[info] 
[info] === Deploying to 'taekwandobackend-d1edf'...
[info] 
[info] i  deploying hosting
[debug] [2018-11-11T14:35:41.206Z] >>> HTTP REQUEST POST https://firebasehosting.googleapis.com/v1beta1/sites/taekwandobackend-d1edf/versions  

[debug] [2018-11-11T14:35:43.552Z] <<< HTTP RESPONSE 200
[info] i  hosting[taekwandobackend-d1edf]: beginning deploy...
[info] i  hosting[taekwandobackend-d1edf]: found 11 files in dist
[debug] [2018-11-11T14:35:43.562Z] [hosting] hash cache [ZGlzdA] not populated
[debug] [2018-11-11T14:35:44.938Z] [hosting] hash cache [ZGlzdA] stored for 11 files
[debug] [2018-11-11T14:35:44.939Z] [hosting][hash queue][FINAL]
[debug] [2018-11-11T14:35:44.939Z] >>> HTTP REQUEST POST https://firebasehosting.googleapis.com/v1beta1/sites/taekwandobackend-d1edf/versions/bc7fb552aa6c150a:populateFiles  
 <request body omitted>
[info] i  hosting: adding files to version [0/11] (0%)
[debug] [2018-11-11T14:35:46.445Z] <<< HTTP RESPONSE 200
[debug] [2018-11-11T14:35:46.462Z] [hosting][populate queue][FINAL]
[debug] [2018-11-11T14:35:46.463Z] [hosting] uploads queued: 11
[info] i  hosting: uploading new files [0/11] (0%)
[info] i  hosting: uploading new files [7/11] (63%)
[debug] [2018-11-11T14:35:50.211Z] [hosting][upload queue][FINAL]
[info] ✔  hosting[taekwandobackend-d1edf]: file upload complete
[debug] [2018-11-11T14:35:50.213Z] [hosting] deploy completed after 6658ms
[debug] [2018-11-11T14:35:50.214Z] [
  {
    "config": {
      "public": "dist",
      "ignore": [
        "firebase.json",
        "**/.*",
        "**/node_modules/**"
      ],
      "rewrites": [
        {
          "source": "**",
          "destination": "/index.html"
        }
      ],
      "site": "taekwandobackend-d1edf"
    },
    "site": "taekwandobackend-d1edf",
    "version": "sites/taekwandobackend-d1edf/versions/bc7fb552aa6c150a"
  }
]
[info] i  hosting[taekwandobackend-d1edf]: finalizing version...
[debug] [2018-11-11T14:35:50.216Z] >>> HTTP REQUEST PATCH https://firebasehosting.googleapis.com/v1beta1/sites/taekwandobackend-d1edf/versions/bc7fb552aa6c150a?updateMask=status  

[debug] [2018-11-11T14:35:51.643Z] <<< HTTP RESPONSE 200
[debug] [2018-11-11T14:35:51.644Z] [hosting] finalized version for taekwandobackend-d1edf:
[info] ✔  hosting[taekwandobackend-d1edf]: version finalized
[info] i  hosting[taekwandobackend-d1edf]: releasing new version...
[debug] [2018-11-11T14:35:51.646Z] >>> HTTP REQUEST POST https://firebasehosting.googleapis.com/v1beta1/sites/taekwandobackend-d1edf/releases?version_name=sites/taekwandobackend-d1edf/versions/bc7fb552aa6c150a  

[debug] [2018-11-11T14:35:53.076Z] <<< HTTP RESPONSE 200
